<?xml version="1.0" encoding="UTF-8"?>
<testsuite name="MobilePhoneTest" tests="3" skipped="0" failures="0" errors="0" timestamp="2022-06-01T12:55:00" hostname="KOMPUTER" time="0.02">
  <properties/>
  <testcase name="addNewContact()" classname="MobilePhoneTest" time="0.018"/>
  <testcase name="findContact()" classname="MobilePhoneTest" time="0.001"/>
  <testcase name="removeContact()" classname="MobilePhoneTest" time="0.001"/>
  <system-out><![CDATA[]]></system-out>
  <system-err><![CDATA[]]></system-err>
</testsuite>
